STY=22344.OhYee-blotter_page SSH_CONNECTION=223.91.32.229 22512 10.206.0.14 22 OHYEE_ACTION_REPO_GIT= LANG=en_US.utf8 HISTTIMEFORMAT=%F %T OLDPWD=/home/ubuntu/action/repos/OhYee OHYEE_ACTION_REPO_OWNER= OHYEE_ACTION_BRANCH= XDG_SESSION_ID=6627 USER=ubuntu OHYEE_ACTION_REPO_NAME= PWD=/home/ubuntu/blog/blotter_page HOME=/home/ubuntu WINDOW=0 SSH_CLIENT=223.91.32.229 22512 22 OHYEE_ACTION_ARG4= OHYEE_ACTION_ARG5= XDG_DATA_DIRS=/usr/local/share:/usr/share:/var/lib/snapd/desktop OHYEE_ACTION_ARG1= OHYEE_ACTION_ARG2= OHYEE_ACTION_REPO_PAGE= OHYEE_ACTION_ARG3= OHYEE_ACTION_PUSHER= OHYEE_ACTION_TYPE=hook SSH_TTY=/dev/pts/0 MAIL=/var/mail/ubuntu SHELL=/bin/bash TERM=screen OHYEE_ACTION_COMMIT= OHYEE_ACTION_TRIGGER= SHLVL=3 PROMPT_COMMAND=history -a; history -a; history -a; history -a; history -a; history -a; LOGNAME=ubuntu XDG_RUNTIME_DIR=/run/user/500 PATH=/usr/local/sbin:/usr/local/bin:/usr/sbin:/usr/bin:/sbin:/bin:/usr/games:/usr/local/games:/snap/bin:/usr/local/go/bin:/usr/local/go/bin OHYEE_ACTION_TOKEN= HISTSIZE=3000 TERMCAP=SC|screen|VT 100/ANSI X3.64 virtual terminal:\ :DO=\E[%dB:LE=\E[%dD:RI=\E[%dC:UP=\E[%dA:bs:bt=\E[Z:\ :cd=\E[J:ce=\E[K:cl=\E[H\E[J:cm=\E[%i%d;%dH:ct=\E[3g:\ :do=^J:nd=\E[C:pt:rc=\E8:rs=\Ec:sc=\E7:st=\EH:up=\EM:\ :le=^H:bl=^G:cr=^M:it#8:ho=\E[H:nw=\EE:ta=^I:is=\E)0:\ :li#24:co#80:am:xn:xv:LP:sr=\EM:al=\E[L:AL=\E[%dL:\ :cs=\E[%i%d;%dr:dl=\E[M:DL=\E[%dM:dc=\E[P:DC=\E[%dP:\ :im=\E[4h:ei=\E[4l:mi:IC=\E[%d@:ks=\E[?1h\E=:\ :ke=\E[?1l\E>:vi=\E[?25l:ve=\E[34h\E[?25h:vs=\E[34l:\ :ti=\E[?1049h:te=\E[?1049l:Km=\E[M:k0=\E[10~:k1=\EOP:\ :k2=\EOQ:k3=\EOR:k4=\EOS:k5=\E[15~:k6=\E[17~:k7=\E[18~:\ :k8=\E[19~:k9=\E[20~:k;=\E[21~:F1=\E[23~:F2=\E[24~:\ :kh=\E[1~:@1=\E[1~:kH=\E[4~:@7=\E[4~:kN=\E[6~:kP=\E[5~:\ :kI=\E[2~:kD=\E[3~:ku=\EOA:kd=\EOB:kr=\EOC:kl=\EOD: OHYEE_ACTION_REPO=OhYee/blotter_page _=/usr/bin/env
Commit @ from 2021-02-03 17:21:39
Need update?
Update files
run action script
yarn run v1.22.4
$ next start -p 50002
Error: Could not find a valid build in the '/home/ubuntu/blog/blotter_page/.next' directory! Try building your app with 'next build' before starting the server.
    at Server.readBuildId (/home/ubuntu/blog/blotter_page/node_modules/next/dist/next-server/server/next-server.js:137:355)
    at new Server (/home/ubuntu/blog/blotter_page/node_modules/next/dist/next-server/server/next-server.js:3:120)
    at createServer (/home/ubuntu/blog/blotter_page/node_modules/next/dist/server/next.js:2:638)
    at start (/home/ubuntu/blog/blotter_page/node_modules/next/dist/server/lib/start-server.js:1:323)
    at nextStart (/home/ubuntu/blog/blotter_page/node_modules/next/dist/cli/next-start.js:19:125)
    at /home/ubuntu/blog/blotter_page/node_modules/next/dist/bin/next:26:341
error Command failed with exit code 1.
info Visit https://yarnpkg.com/en/docs/cli/run for documentation about this command.
rebuild at 2021-02-03 17:21:43
Finished at 2021-02-03 17:21:43
STY=24266.OhYee-blotter_page SSH_CONNECTION=223.91.32.229 22512 10.206.0.14 22 OHYEE_ACTION_REPO_GIT= LANG=en_US.utf8 HISTTIMEFORMAT=%F %T OLDPWD=/home/ubuntu/action/repos/OhYee OHYEE_ACTION_REPO_OWNER= OHYEE_ACTION_BRANCH= XDG_SESSION_ID=6627 USER=ubuntu OHYEE_ACTION_REPO_NAME= PWD=/home/ubuntu/blog/blotter_page HOME=/home/ubuntu WINDOW=0 SSH_CLIENT=223.91.32.229 22512 22 OHYEE_ACTION_ARG4= OHYEE_ACTION_ARG5= XDG_DATA_DIRS=/usr/local/share:/usr/share:/var/lib/snapd/desktop OHYEE_ACTION_ARG1= OHYEE_ACTION_ARG2= OHYEE_ACTION_REPO_PAGE= OHYEE_ACTION_ARG3= OHYEE_ACTION_PUSHER= OHYEE_ACTION_TYPE=hook SSH_TTY=/dev/pts/0 MAIL=/var/mail/ubuntu SHELL=/bin/bash TERM=screen OHYEE_ACTION_COMMIT= OHYEE_ACTION_TRIGGER= SHLVL=3 PROMPT_COMMAND=history -a; history -a; history -a; history -a; history -a; history -a; LOGNAME=ubuntu XDG_RUNTIME_DIR=/run/user/500 PATH=/usr/local/sbin:/usr/local/bin:/usr/sbin:/usr/bin:/sbin:/bin:/usr/games:/usr/local/games:/snap/bin:/usr/local/go/bin:/usr/local/go/bin OHYEE_ACTION_TOKEN= HISTSIZE=3000 TERMCAP=SC|screen|VT 100/ANSI X3.64 virtual terminal:\ :DO=\E[%dB:LE=\E[%dD:RI=\E[%dC:UP=\E[%dA:bs:bt=\E[Z:\ :cd=\E[J:ce=\E[K:cl=\E[H\E[J:cm=\E[%i%d;%dH:ct=\E[3g:\ :do=^J:nd=\E[C:pt:rc=\E8:rs=\Ec:sc=\E7:st=\EH:up=\EM:\ :le=^H:bl=^G:cr=^M:it#8:ho=\E[H:nw=\EE:ta=^I:is=\E)0:\ :li#24:co#80:am:xn:xv:LP:sr=\EM:al=\E[L:AL=\E[%dL:\ :cs=\E[%i%d;%dr:dl=\E[M:DL=\E[%dM:dc=\E[P:DC=\E[%dP:\ :im=\E[4h:ei=\E[4l:mi:IC=\E[%d@:ks=\E[?1h\E=:\ :ke=\E[?1l\E>:vi=\E[?25l:ve=\E[34h\E[?25h:vs=\E[34l:\ :ti=\E[?1049h:te=\E[?1049l:Km=\E[M:k0=\E[10~:k1=\EOP:\ :k2=\EOQ:k3=\EOR:k4=\EOS:k5=\E[15~:k6=\E[17~:k7=\E[18~:\ :k8=\E[19~:k9=\E[20~:k;=\E[21~:F1=\E[23~:F2=\E[24~:\ :kh=\E[1~:@1=\E[1~:kH=\E[4~:@7=\E[4~:kN=\E[6~:kP=\E[5~:\ :kI=\E[2~:kD=\E[3~:ku=\EOA:kd=\EOB:kr=\EOC:kl=\EOD: OHYEE_ACTION_REPO=OhYee/blotter_page _=/usr/bin/env
Commit @ from 2021-02-03 17:28:20
Need update?
Update files
run action script
There are screens on:
	24266.OhYee-blotter_page	(02/04/2021 01:28:20 AM)	(Detached)
	27833.back	(02/03/2021 02:53:34 AM)	(Detached)
	11481.ohyee-action	(02/03/2021 01:49:30 AM)	(Detached)
3 Sockets in /run/screen/S-ubuntu.
yarn run v1.22.4
$ next start -p 50002
ready - started server on http://localhost:50002
Error: Request failed with status code 404
    at createError (/home/ubuntu/blog/blotter_page/node_modules/axios/lib/core/createError.js:16:15)
    at settle (/home/ubuntu/blog/blotter_page/node_modules/axios/lib/core/settle.js:17:12)
    at IncomingMessage.handleStreamEnd (/home/ubuntu/blog/blotter_page/node_modules/axios/lib/adapters/http.js:244:11)
    at IncomingMessage.emit (events.js:327:22)
    at endReadableNT (_stream_readable.js:1221:12)
    at processTicksAndRejections (internal/process/task_queues.js:84:21) {
  config: {
    url: 'http://127.0.0.1:50000/api/post',
    method: 'get',
    headers: {
      Accept: 'application/json, text/plain, */*',
      'User-Agent': 'axios/0.21.0'
    },
    params: { url: 'AOJ_1659' },
    transformRequest: [ [Function: transformRequest] ],
    transformResponse: [ [Function: transformResponse] ],
    timeout: 0,
    adapter: [Function: httpAdapter],
    xsrfCookieName: 'XSRF-TOKEN',
    xsrfHeaderName: 'X-XSRF-TOKEN',
    maxContentLength: -1,
    maxBodyLength: -1,
    validateStatus: [Function: validateStatus],
    data: undefined
  },
  request: ClientRequest {
    _events: [Object: null prototype] {
      socket: [Function],
      abort: [Function],
      aborted: [Function],
      connect: [Function],
      error: [Function],
      timeout: [Function],
      prefinish: [Function: requestOnPrefinish]
    },
    _eventsCount: 7,
    _maxListeners: undefined,
    outputData: [],
    outputSize: 0,
    writable: true,
    _last: true,
    chunkedEncoding: false,
    shouldKeepAlive: false,
    useChunkedEncodingByDefault: false,
    sendDate: false,
    _removedConnection: false,
    _removedContLen: false,
    _removedTE: false,
    _contentLength: 0,
    _hasBody: true,
    _trailer: '',
    finished: true,
    _headerSent: true,
    socket: Socket {
      connecting: false,
      _hadError: false,
      _parent: null,
      _host: null,
      _readableState: [ReadableState],
      readable: true,
      _events: [Object: null prototype],
      _eventsCount: 7,
      _maxListeners: undefined,
      _writableState: [WritableState],
      writable: false,
      allowHalfOpen: false,
      _sockname: null,
      _pendingData: null,
      _pendingEncoding: '',
      server: null,
      _server: null,
      parser: null,
      _httpMessage: [Circular],
      [Symbol(asyncId)]: 316,
      [Symbol(kHandle)]: [TCP],
      [Symbol(kSetNoDelay)]: false,
      [Symbol(lastWriteQueueSize)]: 0,
      [Symbol(timeout)]: null,
      [Symbol(kBuffer)]: null,
      [Symbol(kBufferCb)]: null,
      [Symbol(kBufferGen)]: null,
      [Symbol(kCapture)]: false,
      [Symbol(kBytesRead)]: 0,
      [Symbol(kBytesWritten)]: 0
    },
    connection: Socket {
      connecting: false,
      _hadError: false,
      _parent: null,
      _host: null,
      _readableState: [ReadableState],
      readable: true,
      _events: [Object: null prototype],
      _eventsCount: 7,
      _maxListeners: undefined,
      _writableState: [WritableState],
      writable: false,
      allowHalfOpen: false,
      _sockname: null,
      _pendingData: null,
      _pendingEncoding: '',
      server: null,
      _server: null,
      parser: null,
      _httpMessage: [Circular],
      [Symbol(asyncId)]: 316,
      [Symbol(kHandle)]: [TCP],
      [Symbol(kSetNoDelay)]: false,
      [Symbol(lastWriteQueueSize)]: 0,
      [Symbol(timeout)]: null,
      [Symbol(kBuffer)]: null,
      [Symbol(kBufferCb)]: null,
      [Symbol(kBufferGen)]: null,
      [Symbol(kCapture)]: false,
      [Symbol(kBytesRead)]: 0,
      [Symbol(kBytesWritten)]: 0
    },
    _header: 'GET /api/post?url=AOJ_1659 HTTP/1.1\r\n' +
      'Accept: application/json, text/plain, */*\r\n' +
      'User-Agent: axios/0.21.0\r\n' +
      'Host: 127.0.0.1:50000\r\n' +
      'Connection: close\r\n' +
      '\r\n',
    _onPendingData: [Function: noopPendingOutput],
    agent: Agent {
      _events: [Object: null prototype],
      _eventsCount: 2,
      _maxListeners: undefined,
      defaultPort: 80,
      protocol: 'http:',
      options: [Object],
      requests: {},
      sockets: [Object],
      freeSockets: {},
      keepAliveMsecs: 1000,
      keepAlive: false,
      maxSockets: Infinity,
      maxFreeSockets: 256,
      [Symbol(kCapture)]: false
    },
    socketPath: undefined,
    method: 'GET',
    insecureHTTPParser: undefined,
    path: '/api/post?url=AOJ_1659',
    _ended: true,
    res: IncomingMessage {
      _readableState: [ReadableState],
      readable: false,
      _events: [Object: null prototype],
      _eventsCount: 3,
      _maxListeners: undefined,
      socket: [Socket],
      connection: [Socket],
      httpVersionMajor: 1,
      httpVersionMinor: 1,
      httpVersion: '1.1',
      complete: true,
      headers: [Object],
      rawHeaders: [Array],
      trailers: {},
      rawTrailers: [],
      aborted: false,
      upgrade: false,
      url: '',
      method: null,
      statusCode: 404,
      statusMessage: 'Not Found',
      client: [Socket],
      _consuming: false,
      _dumped: false,
      req: [Circular],
      responseUrl: 'http://127.0.0.1:50000/api/post?url=AOJ_1659',
      redirects: [],
      [Symbol(kCapture)]: false
    },
    aborted: false,
    timeoutCb: null,
    upgradeOrConnect: false,
    parser: null,
    maxHeadersCount: null,
    reusedSocket: false,
    _redirectable: Writable {
      _writableState: [WritableState],
      writable: true,
      _events: [Object: null prototype],
      _eventsCount: 2,
      _maxListeners: undefined,
      _options: [Object],
      _ended: true,
      _ending: true,
      _redirectCount: 0,
      _redirects: [],
      _requestBodyLength: 0,
      _requestBodyBuffers: [],
      _onNativeResponse: [Function],
      _currentRequest: [Circular],
      _currentUrl: 'http://127.0.0.1:50000/api/post?url=AOJ_1659',
      [Symbol(kCapture)]: false
    },
    [Symbol(kCapture)]: false,
    [Symbol(kNeedDrain)]: false,
    [Symbol(corked)]: 0,
    [Symbol(kOutHeaders)]: [Object: null prototype] {
      accept: [Array],
      'user-agent': [Array],
      host: [Array]
    }
  },
  response: {
    status: 404,
    statusText: 'Not Found',
    headers: {
      'access-control-allow-headers': '*',
      'access-control-allow-methods': 'POST, GET, OPTIONS, DELETE',
      'access-control-allow-origin': '*',
      date: 'Wed, 03 Feb 2021 17:32:56 GMT',
      'content-length': '37',
      'content-type': 'text/plain; charset=utf-8',
      connection: 'close'
    },
    config: {
      url: 'http://127.0.0.1:50000/api/post',
      method: 'get',
      headers: [Object],
      params: [Object],
      transformRequest: [Array],
      transformResponse: [Array],
      timeout: 0,
      adapter: [Function: httpAdapter],
      xsrfCookieName: 'XSRF-TOKEN',
      xsrfHeaderName: 'X-XSRF-TOKEN',
      maxContentLength: -1,
      maxBodyLength: -1,
      validateStatus: [Function: validateStatus],
      data: undefined
    },
    request: ClientRequest {
      _events: [Object: null prototype],
      _eventsCount: 7,
      _maxListeners: undefined,
      outputData: [],
      outputSize: 0,
      writable: true,
      _last: true,
      chunkedEncoding: false,
      shouldKeepAlive: false,
      useChunkedEncodingByDefault: false,
      sendDate: false,
      _removedConnection: false,
      _removedContLen: false,
      _removedTE: false,
      _contentLength: 0,
      _hasBody: true,
      _trailer: '',
      finished: true,
      _headerSent: true,
      socket: [Socket],
      connection: [Socket],
      _header: 'GET /api/post?url=AOJ_1659 HTTP/1.1\r\n' +
        'Accept: application/json, text/plain, */*\r\n' +
        'User-Agent: axios/0.21.0\r\n' +
        'Host: 127.0.0.1:50000\r\n' +
        'Connection: close\r\n' +
        '\r\n',
      _onPendingData: [Function: noopPendingOutput],
      agent: [Agent],
      socketPath: undefined,
      method: 'GET',
      insecureHTTPParser: undefined,
      path: '/api/post?url=AOJ_1659',
      _ended: true,
      res: [IncomingMessage],
      aborted: false,
      timeoutCb: null,
      upgradeOrConnect: false,
      parser: null,
      maxHeadersCount: null,
      reusedSocket: false,
      _redirectable: [Writable],
      [Symbol(kCapture)]: false,
      [Symbol(kNeedDrain)]: false,
      [Symbol(corked)]: 0,
      [Symbol(kOutHeaders)]: [Object: null prototype]
    },
    data: 'Page not found /api/post?url=AOJ_1659'
  },
  isAxiosError: true,
  toJSON: [Function: toJSON]
}
Error: Request failed with status code 404
    at createError (/home/ubuntu/blog/blotter_page/node_modules/axios/lib/core/createError.js:16:15)
    at settle (/home/ubuntu/blog/blotter_page/node_modules/axios/lib/core/settle.js:17:12)
    at IncomingMessage.handleStreamEnd (/home/ubuntu/blog/blotter_page/node_modules/axios/lib/adapters/http.js:244:11)
    at IncomingMessage.emit (events.js:327:22)
    at endReadableNT (_stream_readable.js:1221:12)
    at processTicksAndRejections (internal/process/task_queues.js:84:21) {
  config: {
    url: 'http://127.0.0.1:50000/api/post',
    method: 'get',
    headers: {
      Accept: 'application/json, text/plain, */*',
      'User-Agent': 'axios/0.21.0'
    },
    params: { url: 'AOJ_1659' },
    transformRequest: [ [Function: transformRequest] ],
    transformResponse: [ [Function: transformResponse] ],
    timeout: 0,
    adapter: [Function: httpAdapter],
    xsrfCookieName: 'XSRF-TOKEN',
    xsrfHeaderName: 'X-XSRF-TOKEN',
    maxContentLength: -1,
    maxBodyLength: -1,
    validateStatus: [Function: validateStatus],
    data: undefined
  },
  request: ClientRequest {
    _events: [Object: null prototype] {
      socket: [Function],
      abort: [Function],
      aborted: [Function],
      connect: [Function],
      error: [Function],
      timeout: [Function],
      prefinish: [Function: requestOnPrefinish]
    },
    _eventsCount: 7,
    _maxListeners: undefined,
    outputData: [],
    outputSize: 0,
    writable: true,
    _last: true,
    chunkedEncoding: false,
    shouldKeepAlive: false,
    useChunkedEncodingByDefault: false,
    sendDate: false,
    _removedConnection: false,
    _removedContLen: false,
    _removedTE: false,
    _contentLength: 0,
    _hasBody: true,
    _trailer: '',
    finished: true,
    _headerSent: true,
    socket: Socket {
      connecting: false,
      _hadError: false,
      _parent: null,
      _host: null,
      _readableState: [ReadableState],
      readable: true,
      _events: [Object: null prototype],
      _eventsCount: 7,
      _maxListeners: undefined,
      _writableState: [WritableState],
      writable: false,
      allowHalfOpen: false,
      _sockname: null,
      _pendingData: null,
      _pendingEncoding: '',
      server: null,
      _server: null,
      parser: null,
      _httpMessage: [Circular],
      [Symbol(asyncId)]: 316,
      [Symbol(kHandle)]: [TCP],
      [Symbol(kSetNoDelay)]: false,
      [Symbol(lastWriteQueueSize)]: 0,
      [Symbol(timeout)]: null,
      [Symbol(kBuffer)]: null,
      [Symbol(kBufferCb)]: null,
      [Symbol(kBufferGen)]: null,
      [Symbol(kCapture)]: false,
      [Symbol(kBytesRead)]: 0,
      [Symbol(kBytesWritten)]: 0
    },
    connection: Socket {
      connecting: false,
      _hadError: false,
      _parent: null,
      _host: null,
      _readableState: [ReadableState],
      readable: true,
      _events: [Object: null prototype],
      _eventsCount: 7,
      _maxListeners: undefined,
      _writableState: [WritableState],
      writable: false,
      allowHalfOpen: false,
      _sockname: null,
      _pendingData: null,
      _pendingEncoding: '',
      server: null,
      _server: null,
      parser: null,
      _httpMessage: [Circular],
      [Symbol(asyncId)]: 316,
      [Symbol(kHandle)]: [TCP],
      [Symbol(kSetNoDelay)]: false,
      [Symbol(lastWriteQueueSize)]: 0,
      [Symbol(timeout)]: null,
      [Symbol(kBuffer)]: null,
      [Symbol(kBufferCb)]: null,
      [Symbol(kBufferGen)]: null,
      [Symbol(kCapture)]: false,
      [Symbol(kBytesRead)]: 0,
      [Symbol(kBytesWritten)]: 0
    },
    _header: 'GET /api/post?url=AOJ_1659 HTTP/1.1\r\n' +
      'Accept: application/json, text/plain, */*\r\n' +
      'User-Agent: axios/0.21.0\r\n' +
      'Host: 127.0.0.1:50000\r\n' +
      'Connection: close\r\n' +
      '\r\n',
    _onPendingData: [Function: noopPendingOutput],
    agent: Agent {
      _events: [Object: null prototype],
      _eventsCount: 2,
      _maxListeners: undefined,
      defaultPort: 80,
      protocol: 'http:',
      options: [Object],
      requests: {},
      sockets: [Object],
      freeSockets: {},
      keepAliveMsecs: 1000,
      keepAlive: false,
      maxSockets: Infinity,
      maxFreeSockets: 256,
      [Symbol(kCapture)]: false
    },
    socketPath: undefined,
    method: 'GET',
    insecureHTTPParser: undefined,
    path: '/api/post?url=AOJ_1659',
    _ended: true,
    res: IncomingMessage {
      _readableState: [ReadableState],
      readable: false,
      _events: [Object: null prototype],
      _eventsCount: 3,
      _maxListeners: undefined,
      socket: [Socket],
      connection: [Socket],
      httpVersionMajor: 1,
      httpVersionMinor: 1,
      httpVersion: '1.1',
      complete: true,
      headers: [Object],
      rawHeaders: [Array],
      trailers: {},
      rawTrailers: [],
      aborted: false,
      upgrade: false,
      url: '',
      method: null,
      statusCode: 404,
      statusMessage: 'Not Found',
      client: [Socket],
      _consuming: false,
      _dumped: false,
      req: [Circular],
      responseUrl: 'http://127.0.0.1:50000/api/post?url=AOJ_1659',
      redirects: [],
      [Symbol(kCapture)]: false
    },
    aborted: false,
    timeoutCb: null,
    upgradeOrConnect: false,
    parser: null,
    maxHeadersCount: null,
    reusedSocket: false,
    _redirectable: Writable {
      _writableState: [WritableState],
      writable: true,
      _events: [Object: null prototype],
      _eventsCount: 2,
      _maxListeners: undefined,
      _options: [Object],
      _ended: true,
      _ending: true,
      _redirectCount: 0,
      _redirects: [],
      _requestBodyLength: 0,
      _requestBodyBuffers: [],
      _onNativeResponse: [Function],
      _currentRequest: [Circular],
      _currentUrl: 'http://127.0.0.1:50000/api/post?url=AOJ_1659',
      [Symbol(kCapture)]: false
    },
    [Symbol(kCapture)]: false,
    [Symbol(kNeedDrain)]: false,
    [Symbol(corked)]: 0,
    [Symbol(kOutHeaders)]: [Object: null prototype] {
      accept: [Array],
      'user-agent': [Array],
      host: [Array]
    }
  },
  response: {
    status: 404,
    statusText: 'Not Found',
    headers: {
      'access-control-allow-headers': '*',
      'access-control-allow-methods': 'POST, GET, OPTIONS, DELETE',
      'access-control-allow-origin': '*',
      date: 'Wed, 03 Feb 2021 17:32:56 GMT',
      'content-length': '37',
      'content-type': 'text/plain; charset=utf-8',
      connection: 'close'
    },
    config: {
      url: 'http://127.0.0.1:50000/api/post',
      method: 'get',
      headers: [Object],
      params: [Object],
      transformRequest: [Array],
      transformResponse: [Array],
      timeout: 0,
      adapter: [Function: httpAdapter],
      xsrfCookieName: 'XSRF-TOKEN',
      xsrfHeaderName: 'X-XSRF-TOKEN',
      maxContentLength: -1,
      maxBodyLength: -1,
      validateStatus: [Function: validateStatus],
      data: undefined
    },
    request: ClientRequest {
      _events: [Object: null prototype],
      _eventsCount: 7,
      _maxListeners: undefined,
      outputData: [],
      outputSize: 0,
      writable: true,
      _last: true,
      chunkedEncoding: false,
      shouldKeepAlive: false,
      useChunkedEncodingByDefault: false,
      sendDate: false,
      _removedConnection: false,
      _removedContLen: false,
      _removedTE: false,
      _contentLength: 0,
      _hasBody: true,
      _trailer: '',
      finished: true,
      _headerSent: true,
      socket: [Socket],
      connection: [Socket],
      _header: 'GET /api/post?url=AOJ_1659 HTTP/1.1\r\n' +
        'Accept: application/json, text/plain, */*\r\n' +
        'User-Agent: axios/0.21.0\r\n' +
        'Host: 127.0.0.1:50000\r\n' +
        'Connection: close\r\n' +
        '\r\n',
      _onPendingData: [Function: noopPendingOutput],
      agent: [Agent],
      socketPath: undefined,
      method: 'GET',
      insecureHTTPParser: undefined,
      path: '/api/post?url=AOJ_1659',
      _ended: true,
      res: [IncomingMessage],
      aborted: false,
      timeoutCb: null,
      upgradeOrConnect: false,
      parser: null,
      maxHeadersCount: null,
      reusedSocket: false,
      _redirectable: [Writable],
      [Symbol(kCapture)]: false,
      [Symbol(kNeedDrain)]: false,
      [Symbol(corked)]: 0,
      [Symbol(kOutHeaders)]: [Object: null prototype]
    },
    data: 'Page not found /api/post?url=AOJ_1659'
  },
  isAxiosError: true,
  toJSON: [Function: toJSON]
}
301 /post/AOJ_1659 ==> /post/aoj_1659
Error: Request failed with status code 404
    at createError (/home/ubuntu/blog/blotter_page/node_modules/axios/lib/core/createError.js:16:15)
    at settle (/home/ubuntu/blog/blotter_page/node_modules/axios/lib/core/settle.js:17:12)
    at IncomingMessage.handleStreamEnd (/home/ubuntu/blog/blotter_page/node_modules/axios/lib/adapters/http.js:244:11)
    at IncomingMessage.emit (events.js:327:22)
    at endReadableNT (_stream_readable.js:1221:12)
    at processTicksAndRejections (internal/process/task_queues.js:84:21) {
  config: {
    url: 'http://127.0.0.1:50000/api/post',
    method: 'get',
    headers: {
      Accept: 'application/json, text/plain, */*',
      'User-Agent': 'axios/0.21.0'
    },
    params: { url: 'aoj_11292' },
    transformRequest: [ [Function: transformRequest] ],
    transformResponse: [ [Function: transformResponse] ],
    timeout: 0,
    adapter: [Function: httpAdapter],
    xsrfCookieName: 'XSRF-TOKEN',
    xsrfHeaderName: 'X-XSRF-TOKEN',
    maxContentLength: -1,
    maxBodyLength: -1,
    validateStatus: [Function: validateStatus],
    data: undefined
  },
  request: ClientRequest {
    _events: [Object: null prototype] {
      socket: [Function],
      abort: [Function],
      aborted: [Function],
      connect: [Function],
      error: [Function],
      timeout: [Function],
      prefinish: [Function: requestOnPrefinish]
    },
    _eventsCount: 7,
    _maxListeners: undefined,
    outputData: [],
    outputSize: 0,
    writable: true,
    _last: true,
    chunkedEncoding: false,
    shouldKeepAlive: false,
    useChunkedEncodingByDefault: false,
    sendDate: false,
    _removedConnection: false,
    _removedContLen: false,
    _removedTE: false,
    _contentLength: 0,
    _hasBody: true,
    _trailer: '',
    finished: true,
    _headerSent: true,
    socket: Socket {
      connecting: false,
      _hadError: false,
      _parent: null,
      _host: null,
      _readableState: [ReadableState],
      readable: true,
      _events: [Object: null prototype],
      _eventsCount: 7,
      _maxListeners: undefined,
      _writableState: [WritableState],
      writable: false,
      allowHalfOpen: false,
      _sockname: null,
      _pendingData: null,
      _pendingEncoding: '',
      server: null,
      _server: null,
      parser: null,
      _httpMessage: [Circular],
      [Symbol(asyncId)]: 365,
      [Symbol(kHandle)]: [TCP],
      [Symbol(kSetNoDelay)]: false,
      [Symbol(lastWriteQueueSize)]: 0,
      [Symbol(timeout)]: null,
      [Symbol(kBuffer)]: null,
      [Symbol(kBufferCb)]: null,
      [Symbol(kBufferGen)]: null,
      [Symbol(kCapture)]: false,
      [Symbol(kBytesRead)]: 0,
      [Symbol(kBytesWritten)]: 0
    },
    connection: Socket {
      connecting: false,
      _hadError: false,
      _parent: null,
      _host: null,
      _readableState: [ReadableState],
      readable: true,
      _events: [Object: null prototype],
      _eventsCount: 7,
      _maxListeners: undefined,
      _writableState: [WritableState],
      writable: false,
      allowHalfOpen: false,
      _sockname: null,
      _pendingData: null,
      _pendingEncoding: '',
      server: null,
      _server: null,
      parser: null,
      _httpMessage: [Circular],
      [Symbol(asyncId)]: 365,
      [Symbol(kHandle)]: [TCP],
      [Symbol(kSetNoDelay)]: false,
      [Symbol(lastWriteQueueSize)]: 0,
      [Symbol(timeout)]: null,
      [Symbol(kBuffer)]: null,
      [Symbol(kBufferCb)]: null,
      [Symbol(kBufferGen)]: null,
      [Symbol(kCapture)]: false,
      [Symbol(kBytesRead)]: 0,
      [Symbol(kBytesWritten)]: 0
    },
    _header: 'GET /api/post?url=aoj_11292 HTTP/1.1\r\n' +
      'Accept: application/json, text/plain, */*\r\n' +
      'User-Agent: axios/0.21.0\r\n' +
      'Host: 127.0.0.1:50000\r\n' +
      'Connection: close\r\n' +
      '\r\n',
    _onPendingData: [Function: noopPendingOutput],
    agent: Agent {
      _events: [Object: null prototype],
      _eventsCount: 2,
      _maxListeners: undefined,
      defaultPort: 80,
      protocol: 'http:',
      options: [Object],
      requests: {},
      sockets: [Object],
      freeSockets: {},
      keepAliveMsecs: 1000,
      keepAlive: false,
      maxSockets: Infinity,
      maxFreeSockets: 256,
      [Symbol(kCapture)]: false
    },
    socketPath: undefined,
    method: 'GET',
    insecureHTTPParser: undefined,
    path: '/api/post?url=aoj_11292',
    _ended: true,
    res: IncomingMessage {
      _readableState: [ReadableState],
      readable: false,
      _events: [Object: null prototype],
      _eventsCount: 3,
      _maxListeners: undefined,
      socket: [Socket],
      connection: [Socket],
      httpVersionMajor: 1,
      httpVersionMinor: 1,
      httpVersion: '1.1',
      complete: true,
      headers: [Object],
      rawHeaders: [Array],
      trailers: {},
      rawTrailers: [],
      aborted: false,
      upgrade: false,
      url: '',
      method: null,
      statusCode: 404,
      statusMessage: 'Not Found',
      client: [Socket],
      _consuming: false,
      _dumped: false,
      req: [Circular],
      responseUrl: 'http://127.0.0.1:50000/api/post?url=aoj_11292',
      redirects: [],
      [Symbol(kCapture)]: false
    },
    aborted: false,
    timeoutCb: null,
    upgradeOrConnect: false,
    parser: null,
    maxHeadersCount: null,
    reusedSocket: false,
    _redirectable: Writable {
      _writableState: [WritableState],
      writable: true,
      _events: [Object: null prototype],
      _eventsCount: 2,
      _maxListeners: undefined,
      _options: [Object],
      _ended: true,
      _ending: true,
      _redirectCount: 0,
      _redirects: [],
      _requestBodyLength: 0,
      _requestBodyBuffers: [],
      _onNativeResponse: [Function],
      _currentRequest: [Circular],
      _currentUrl: 'http://127.0.0.1:50000/api/post?url=aoj_11292',
      [Symbol(kCapture)]: false
    },
    [Symbol(kCapture)]: false,
    [Symbol(kNeedDrain)]: false,
    [Symbol(corked)]: 0,
    [Symbol(kOutHeaders)]: [Object: null prototype] {
      accept: [Array],
      'user-agent': [Array],
      host: [Array]
    }
  },
  response: {
    status: 404,
    statusText: 'Not Found',
    headers: {
      'access-control-allow-headers': '*',
      'access-control-allow-methods': 'POST, GET, OPTIONS, DELETE',
      'access-control-allow-origin': '*',
      date: 'Wed, 03 Feb 2021 17:32:56 GMT',
      'content-length': '38',
      'content-type': 'text/plain; charset=utf-8',
      connection: 'close'
    },
    config: {
      url: 'http://127.0.0.1:50000/api/post',
      method: 'get',
      headers: [Object],
      params: [Object],
      transformRequest: [Array],
      transformResponse: [Array],
      timeout: 0,
      adapter: [Function: httpAdapter],
      xsrfCookieName: 'XSRF-TOKEN',
      xsrfHeaderName: 'X-XSRF-TOKEN',
      maxContentLength: -1,
      maxBodyLength: -1,
      validateStatus: [Function: validateStatus],
      data: undefined
    },
    request: ClientRequest {
      _events: [Object: null prototype],
      _eventsCount: 7,
      _maxListeners: undefined,
      outputData: [],
      outputSize: 0,
      writable: true,
      _last: true,
      chunkedEncoding: false,
      shouldKeepAlive: false,
      useChunkedEncodingByDefault: false,
      sendDate: false,
      _removedConnection: false,
      _removedContLen: false,
      _removedTE: false,
      _contentLength: 0,
      _hasBody: true,
      _trailer: '',
      finished: true,
      _headerSent: true,
      socket: [Socket],
      connection: [Socket],
      _header: 'GET /api/post?url=aoj_11292 HTTP/1.1\r\n' +
        'Accept: application/json, text/plain, */*\r\n' +
        'User-Agent: axios/0.21.0\r\n' +
        'Host: 127.0.0.1:50000\r\n' +
        'Connection: close\r\n' +
        '\r\n',
      _onPendingData: [Function: noopPendingOutput],
      agent: [Agent],
      socketPath: undefined,
      method: 'GET',
      insecureHTTPParser: undefined,
      path: '/api/post?url=aoj_11292',
      _ended: true,
      res: [IncomingMessage],
      aborted: false,
      timeoutCb: null,
      upgradeOrConnect: false,
      parser: null,
      maxHeadersCount: null,
      reusedSocket: false,
      _redirectable: [Writable],
      [Symbol(kCapture)]: false,
      [Symbol(kNeedDrain)]: false,
      [Symbol(corked)]: 0,
      [Symbol(kOutHeaders)]: [Object: null prototype]
    },
    data: 'Page not found /api/post?url=aoj_11292'
  },
  isAxiosError: true,
  toJSON: [Function: toJSON]
}
Error: Request failed with status code 404
    at createError (/home/ubuntu/blog/blotter_page/node_modules/axios/lib/core/createError.js:16:15)
    at settle (/home/ubuntu/blog/blotter_page/node_modules/axios/lib/core/settle.js:17:12)
    at IncomingMessage.handleStreamEnd (/home/ubuntu/blog/blotter_page/node_modules/axios/lib/adapters/http.js:244:11)
    at IncomingMessage.emit (events.js:327:22)
    at endReadableNT (_stream_readable.js:1221:12)
    at processTicksAndRejections (internal/process/task_queues.js:84:21) {
  config: {
    url: 'http://127.0.0.1:50000/api/post',
    method: 'get',
    headers: {
      Accept: 'application/json, text/plain, */*',
      'User-Agent': 'axios/0.21.0'
    },
    params: { url: 'aoj_11292' },
    transformRequest: [ [Function: transformRequest] ],
    transformResponse: [ [Function: transformResponse] ],
    timeout: 0,
    adapter: [Function: httpAdapter],
    xsrfCookieName: 'XSRF-TOKEN',
    xsrfHeaderName: 'X-XSRF-TOKEN',
    maxContentLength: -1,
    maxBodyLength: -1,
    validateStatus: [Function: validateStatus],
    data: undefined
  },
  request: ClientRequest {
    _events: [Object: null prototype] {
      socket: [Function],
      abort: [Function],
      aborted: [Function],
      connect: [Function],
      error: [Function],
      timeout: [Function],
      prefinish: [Function: requestOnPrefinish]
    },
    _eventsCount: 7,
    _maxListeners: undefined,
    outputData: [],
    outputSize: 0,
    writable: true,
    _last: true,
    chunkedEncoding: false,
    shouldKeepAlive: false,
    useChunkedEncodingByDefault: false,
    sendDate: false,
    _removedConnection: false,
    _removedContLen: false,
    _removedTE: false,
    _contentLength: 0,
    _hasBody: true,
    _trailer: '',
    finished: true,
    _headerSent: true,
    socket: Socket {
      connecting: false,
      _hadError: false,
      _parent: null,
      _host: null,
      _readableState: [ReadableState],
      readable: true,
      _events: [Object: null prototype],
      _eventsCount: 7,
      _maxListeners: undefined,
      _writableState: [WritableState],
      writable: false,
      allowHalfOpen: false,
      _sockname: null,
      _pendingData: null,
      _pendingEncoding: '',
      server: null,
      _server: null,
      parser: null,
      _httpMessage: [Circular],
      [Symbol(asyncId)]: 365,
      [Symbol(kHandle)]: [TCP],
      [Symbol(kSetNoDelay)]: false,
      [Symbol(lastWriteQueueSize)]: 0,
      [Symbol(timeout)]: null,
      [Symbol(kBuffer)]: null,
      [Symbol(kBufferCb)]: null,
      [Symbol(kBufferGen)]: null,
      [Symbol(kCapture)]: false,
      [Symbol(kBytesRead)]: 0,
      [Symbol(kBytesWritten)]: 0
    },
    connection: Socket {
      connecting: false,
      _hadError: false,
      _parent: null,
      _host: null,
      _readableState: [ReadableState],
      readable: true,
      _events: [Object: null prototype],
      _eventsCount: 7,
      _maxListeners: undefined,
      _writableState: [WritableState],
      writable: false,
      allowHalfOpen: false,
      _sockname: null,
      _pendingData: null,
      _pendingEncoding: '',
      server: null,
      _server: null,
      parser: null,
      _httpMessage: [Circular],
      [Symbol(asyncId)]: 365,
      [Symbol(kHandle)]: [TCP],
      [Symbol(kSetNoDelay)]: false,
      [Symbol(lastWriteQueueSize)]: 0,
      [Symbol(timeout)]: null,
      [Symbol(kBuffer)]: null,
      [Symbol(kBufferCb)]: null,
      [Symbol(kBufferGen)]: null,
      [Symbol(kCapture)]: false,
      [Symbol(kBytesRead)]: 0,
      [Symbol(kBytesWritten)]: 0
    },
    _header: 'GET /api/post?url=aoj_11292 HTTP/1.1\r\n' +
      'Accept: application/json, text/plain, */*\r\n' +
      'User-Agent: axios/0.21.0\r\n' +
      'Host: 127.0.0.1:50000\r\n' +
      'Connection: close\r\n' +
      '\r\n',
    _onPendingData: [Function: noopPendingOutput],
    agent: Agent {
      _events: [Object: null prototype],
      _eventsCount: 2,
      _maxListeners: undefined,
      defaultPort: 80,
      protocol: 'http:',
      options: [Object],
      requests: {},
      sockets: [Object],
      freeSockets: {},
      keepAliveMsecs: 1000,
      keepAlive: false,
      maxSockets: Infinity,
      maxFreeSockets: 256,
      [Symbol(kCapture)]: false
    },
    socketPath: undefined,
    method: 'GET',
    insecureHTTPParser: undefined,
    path: '/api/post?url=aoj_11292',
    _ended: true,
    res: IncomingMessage {
      _readableState: [ReadableState],
      readable: false,
      _events: [Object: null prototype],
      _eventsCount: 3,
      _maxListeners: undefined,
      socket: [Socket],
      connection: [Socket],
      httpVersionMajor: 1,
      httpVersionMinor: 1,
      httpVersion: '1.1',
      complete: true,
      headers: [Object],
      rawHeaders: [Array],
      trailers: {},
      rawTrailers: [],
      aborted: false,
      upgrade: false,
      url: '',
      method: null,
      statusCode: 404,
      statusMessage: 'Not Found',
      client: [Socket],
      _consuming: false,
      _dumped: false,
      req: [Circular],
      responseUrl: 'http://127.0.0.1:50000/api/post?url=aoj_11292',
      redirects: [],
      [Symbol(kCapture)]: false
    },
    aborted: false,
    timeoutCb: null,
    upgradeOrConnect: false,
    parser: null,
    maxHeadersCount: null,
    reusedSocket: false,
    _redirectable: Writable {
      _writableState: [WritableState],
      writable: true,
      _events: [Object: null prototype],
      _eventsCount: 2,
      _maxListeners: undefined,
      _options: [Object],
      _ended: true,
      _ending: true,
      _redirectCount: 0,
      _redirects: [],
      _requestBodyLength: 0,
      _requestBodyBuffers: [],
      _onNativeResponse: [Function],
      _currentRequest: [Circular],
      _currentUrl: 'http://127.0.0.1:50000/api/post?url=aoj_11292',
      [Symbol(kCapture)]: false
    },
    [Symbol(kCapture)]: false,
    [Symbol(kNeedDrain)]: false,
    [Symbol(corked)]: 0,
    [Symbol(kOutHeaders)]: [Object: null prototype] {
      accept: [Array],
      'user-agent': [Array],
      host: [Array]
    }
  },
  response: {
    status: 404,
    statusText: 'Not Found',
    headers: {
      'access-control-allow-headers': '*',
      'access-control-allow-methods': 'POST, GET, OPTIONS, DELETE',
      'access-control-allow-origin': '*',
      date: 'Wed, 03 Feb 2021 17:32:56 GMT',
      'content-length': '38',
      'content-type': 'text/plain; charset=utf-8',
      connection: 'close'
    },
    config: {
      url: 'http://127.0.0.1:50000/api/post',
      method: 'get',
      headers: [Object],
      params: [Object],
      transformRequest: [Array],
      transformResponse: [Array],
      timeout: 0,
      adapter: [Function: httpAdapter],
      xsrfCookieName: 'XSRF-TOKEN',
      xsrfHeaderName: 'X-XSRF-TOKEN',
      maxContentLength: -1,
      maxBodyLength: -1,
      validateStatus: [Function: validateStatus],
      data: undefined
    },
    request: ClientRequest {
      _events: [Object: null prototype],
      _eventsCount: 7,
      _maxListeners: undefined,
      outputData: [],
      outputSize: 0,
      writable: true,
      _last: true,
      chunkedEncoding: false,
      shouldKeepAlive: false,
      useChunkedEncodingByDefault: false,
      sendDate: false,
      _removedConnection: false,
      _removedContLen: false,
      _removedTE: false,
      _contentLength: 0,
      _hasBody: true,
      _trailer: '',
      finished: true,
      _headerSent: true,
      socket: [Socket],
      connection: [Socket],
      _header: 'GET /api/post?url=aoj_11292 HTTP/1.1\r\n' +
        'Accept: application/json, text/plain, */*\r\n' +
        'User-Agent: axios/0.21.0\r\n' +
        'Host: 127.0.0.1:50000\r\n' +
        'Connection: close\r\n' +
        '\r\n',
      _onPendingData: [Function: noopPendingOutput],
      agent: [Agent],
      socketPath: undefined,
      method: 'GET',
      insecureHTTPParser: undefined,
      path: '/api/post?url=aoj_11292',
      _ended: true,
      res: [IncomingMessage],
      aborted: false,
      timeoutCb: null,
      upgradeOrConnect: false,
      parser: null,
      maxHeadersCount: null,
      reusedSocket: false,
      _redirectable: [Writable],
      [Symbol(kCapture)]: false,
      [Symbol(kNeedDrain)]: false,
      [Symbol(corked)]: 0,
      [Symbol(kOutHeaders)]: [Object: null prototype]
    },
    data: 'Page not found /api/post?url=aoj_11292'
  },
  isAxiosError: true,
  toJSON: [Function: toJSON]
}
Error: Request failed with status code 404
    at createError (/home/ubuntu/blog/blotter_page/node_modules/axios/lib/core/createError.js:16:15)
    at settle (/home/ubuntu/blog/blotter_page/node_modules/axios/lib/core/settle.js:17:12)
    at IncomingMessage.handleStreamEnd (/home/ubuntu/blog/blotter_page/node_modules/axios/lib/adapters/http.js:244:11)
    at IncomingMessage.emit (events.js:327:22)
    at endReadableNT (_stream_readable.js:1221:12)
    at processTicksAndRejections (internal/process/task_queues.js:84:21) {
  config: {
    url: 'http://127.0.0.1:50000/api/post',
    method: 'get',
    headers: {
      Accept: 'application/json, text/plain, */*',
      'User-Agent': 'axios/0.21.0'
    },
    params: { url: 'aoj_1659' },
    transformRequest: [ [Function: transformRequest] ],
    transformResponse: [ [Function: transformResponse] ],
    timeout: 0,
    adapter: [Function: httpAdapter],
    xsrfCookieName: 'XSRF-TOKEN',
    xsrfHeaderName: 'X-XSRF-TOKEN',
    maxContentLength: -1,
    maxBodyLength: -1,
    validateStatus: [Function: validateStatus],
    data: undefined
  },
  request: ClientRequest {
    _events: [Object: null prototype] {
      socket: [Function],
      abort: [Function],
      aborted: [Function],
      connect: [Function],
      error: [Function],
      timeout: [Function],
      prefinish: [Function: requestOnPrefinish]
    },
    _eventsCount: 7,
    _maxListeners: undefined,
    outputData: [],
    outputSize: 0,
    writable: true,
    _last: true,
    chunkedEncoding: false,
    shouldKeepAlive: false,
    useChunkedEncodingByDefault: false,
    sendDate: false,
    _removedConnection: false,
    _removedContLen: false,
    _removedTE: false,
    _contentLength: 0,
    _hasBody: true,
    _trailer: '',
    finished: true,
    _headerSent: true,
    socket: Socket {
      connecting: false,
      _hadError: false,
      _parent: null,
      _host: null,
      _readableState: [ReadableState],
      readable: true,
      _events: [Object: null prototype],
      _eventsCount: 7,
      _maxListeners: undefined,
      _writableState: [WritableState],
      writable: false,
      allowHalfOpen: false,
      _sockname: null,
      _pendingData: null,
      _pendingEncoding: '',
      server: null,
      _server: null,
      parser: null,
      _httpMessage: [Circular],
      [Symbol(asyncId)]: 416,
      [Symbol(kHandle)]: [TCP],
      [Symbol(kSetNoDelay)]: false,
      [Symbol(lastWriteQueueSize)]: 0,
      [Symbol(timeout)]: null,
      [Symbol(kBuffer)]: null,
      [Symbol(kBufferCb)]: null,
      [Symbol(kBufferGen)]: null,
      [Symbol(kCapture)]: false,
      [Symbol(kBytesRead)]: 0,
      [Symbol(kBytesWritten)]: 0
    },
    connection: Socket {
      connecting: false,
      _hadError: false,
      _parent: null,
      _host: null,
      _readableState: [ReadableState],
      readable: true,
      _events: [Object: null prototype],
      _eventsCount: 7,
      _maxListeners: undefined,
      _writableState: [WritableState],
      writable: false,
      allowHalfOpen: false,
      _sockname: null,
      _pendingData: null,
      _pendingEncoding: '',
      server: null,
      _server: null,
      parser: null,
      _httpMessage: [Circular],
      [Symbol(asyncId)]: 416,
      [Symbol(kHandle)]: [TCP],
      [Symbol(kSetNoDelay)]: false,
      [Symbol(lastWriteQueueSize)]: 0,
      [Symbol(timeout)]: null,
      [Symbol(kBuffer)]: null,
      [Symbol(kBufferCb)]: null,
      [Symbol(kBufferGen)]: null,
      [Symbol(kCapture)]: false,
      [Symbol(kBytesRead)]: 0,
      [Symbol(kBytesWritten)]: 0
    },
    _header: 'GET /api/post?url=aoj_1659 HTTP/1.1\r\n' +
      'Accept: application/json, text/plain, */*\r\n' +
      'User-Agent: axios/0.21.0\r\n' +
      'Host: 127.0.0.1:50000\r\n' +
      'Connection: close\r\n' +
      '\r\n',
    _onPendingData: [Function: noopPendingOutput],
    agent: Agent {
      _events: [Object: null prototype],
      _eventsCount: 2,
      _maxListeners: undefined,
      defaultPort: 80,
      protocol: 'http:',
      options: [Object],
      requests: {},
      sockets: [Object],
      freeSockets: {},
      keepAliveMsecs: 1000,
      keepAlive: false,
      maxSockets: Infinity,
      maxFreeSockets: 256,
      [Symbol(kCapture)]: false
    },
    socketPath: undefined,
    method: 'GET',
    insecureHTTPParser: undefined,
    path: '/api/post?url=aoj_1659',
    _ended: true,
    res: IncomingMessage {
      _readableState: [ReadableState],
      readable: false,
      _events: [Object: null prototype],
      _eventsCount: 3,
      _maxListeners: undefined,
      socket: [Socket],
      connection: [Socket],
      httpVersionMajor: 1,
      httpVersionMinor: 1,
      httpVersion: '1.1',
      complete: true,
      headers: [Object],
      rawHeaders: [Array],
      trailers: {},
      rawTrailers: [],
      aborted: false,
      upgrade: false,
      url: '',
      method: null,
      statusCode: 404,
      statusMessage: 'Not Found',
      client: [Socket],
      _consuming: false,
      _dumped: false,
      req: [Circular],
      responseUrl: 'http://127.0.0.1:50000/api/post?url=aoj_1659',
      redirects: [],
      [Symbol(kCapture)]: false
    },
    aborted: false,
    timeoutCb: null,
    upgradeOrConnect: false,
    parser: null,
    maxHeadersCount: null,
    reusedSocket: false,
    _redirectable: Writable {
      _writableState: [WritableState],
      writable: true,
      _events: [Object: null prototype],
      _eventsCount: 2,
      _maxListeners: undefined,
      _options: [Object],
      _ended: true,
      _ending: true,
      _redirectCount: 0,
      _redirects: [],
      _requestBodyLength: 0,
      _requestBodyBuffers: [],
      _onNativeResponse: [Function],
      _currentRequest: [Circular],
      _currentUrl: 'http://127.0.0.1:50000/api/post?url=aoj_1659',
      [Symbol(kCapture)]: false
    },
    [Symbol(kCapture)]: false,
    [Symbol(kNeedDrain)]: false,
    [Symbol(corked)]: 0,
    [Symbol(kOutHeaders)]: [Object: null prototype] {
      accept: [Array],
      'user-agent': [Array],
      host: [Array]
    }
  },
  response: {
    status: 404,
    statusText: 'Not Found',
    headers: {
      'access-control-allow-headers': '*',
      'access-control-allow-methods': 'POST, GET, OPTIONS, DELETE',
      'access-control-allow-origin': '*',
      date: 'Wed, 03 Feb 2021 17:32:56 GMT',
      'content-length': '37',
      'content-type': 'text/plain; charset=utf-8',
      connection: 'close'
    },
    config: {
      url: 'http://127.0.0.1:50000/api/post',
      method: 'get',
      headers: [Object],
      params: [Object],
      transformRequest: [Array],
      transformResponse: [Array],
      timeout: 0,
      adapter: [Function: httpAdapter],
      xsrfCookieName: 'XSRF-TOKEN',
      xsrfHeaderName: 'X-XSRF-TOKEN',
      maxContentLength: -1,
      maxBodyLength: -1,
      validateStatus: [Function: validateStatus],
      data: undefined
    },
    request: ClientRequest {
      _events: [Object: null prototype],
      _eventsCount: 7,
      _maxListeners: undefined,
      outputData: [],
      outputSize: 0,
      writable: true,
      _last: true,
      chunkedEncoding: false,
      shouldKeepAlive: false,
      useChunkedEncodingByDefault: false,
      sendDate: false,
      _removedConnection: false,
      _removedContLen: false,
      _removedTE: false,
      _contentLength: 0,
      _hasBody: true,
      _trailer: '',
      finished: true,
      _headerSent: true,
      socket: [Socket],
      connection: [Socket],
      _header: 'GET /api/post?url=aoj_1659 HTTP/1.1\r\n' +
        'Accept: application/json, text/plain, */*\r\n' +
        'User-Agent: axios/0.21.0\r\n' +
        'Host: 127.0.0.1:50000\r\n' +
        'Connection: close\r\n' +
        '\r\n',
      _onPendingData: [Function: noopPendingOutput],
      agent: [Agent],
      socketPath: undefined,
      method: 'GET',
      insecureHTTPParser: undefined,
      path: '/api/post?url=aoj_1659',
      _ended: true,
      res: [IncomingMessage],
      aborted: false,
      timeoutCb: null,
      upgradeOrConnect: false,
      parser: null,
      maxHeadersCount: null,
      reusedSocket: false,
      _redirectable: [Writable],
      [Symbol(kCapture)]: false,
      [Symbol(kNeedDrain)]: false,
      [Symbol(corked)]: 0,
      [Symbol(kOutHeaders)]: [Object: null prototype]
    },
    data: 'Page not found /api/post?url=aoj_1659'
  },
  isAxiosError: true,
  toJSON: [Function: toJSON]
}
Error: Request failed with status code 404
    at createError (/home/ubuntu/blog/blotter_page/node_modules/axios/lib/core/createError.js:16:15)
    at settle (/home/ubuntu/blog/blotter_page/node_modules/axios/lib/core/settle.js:17:12)
    at IncomingMessage.handleStreamEnd (/home/ubuntu/blog/blotter_page/node_modules/axios/lib/adapters/http.js:244:11)
    at IncomingMessage.emit (events.js:327:22)
    at endReadableNT (_stream_readable.js:1221:12)
    at processTicksAndRejections (internal/process/task_queues.js:84:21) {
  config: {
    url: 'http://127.0.0.1:50000/api/post',
    method: 'get',
    headers: {
      Accept: 'application/json, text/plain, */*',
      'User-Agent': 'axios/0.21.0'
    },
    params: { url: 'aoj_1659' },
    transformRequest: [ [Function: transformRequest] ],
    transformResponse: [ [Function: transformResponse] ],
    timeout: 0,
    adapter: [Function: httpAdapter],
    xsrfCookieName: 'XSRF-TOKEN',
    xsrfHeaderName: 'X-XSRF-TOKEN',
    maxContentLength: -1,
    maxBodyLength: -1,
    validateStatus: [Function: validateStatus],
    data: undefined
  },
  request: ClientRequest {
    _events: [Object: null prototype] {
      socket: [Function],
      abort: [Function],
      aborted: [Function],
      connect: [Function],
      error: [Function],
      timeout: [Function],
      prefinish: [Function: requestOnPrefinish]
    },
    _eventsCount: 7,
    _maxListeners: undefined,
    outputData: [],
    outputSize: 0,
    writable: true,
    _last: true,
    chunkedEncoding: false,
    shouldKeepAlive: false,
    useChunkedEncodingByDefault: false,
    sendDate: false,
    _removedConnection: false,
    _removedContLen: false,
    _removedTE: false,
    _contentLength: 0,
    _hasBody: true,
    _trailer: '',
    finished: true,
    _headerSent: true,
    socket: Socket {
      connecting: false,
      _hadError: false,
      _parent: null,
      _host: null,
      _readableState: [ReadableState],
      readable: true,
      _events: [Object: null prototype],
      _eventsCount: 7,
      _maxListeners: undefined,
      _writableState: [WritableState],
      writable: false,
      allowHalfOpen: false,
      _sockname: null,
      _pendingData: null,
      _pendingEncoding: '',
      server: null,
      _server: null,
      parser: null,
      _httpMessage: [Circular],
      [Symbol(asyncId)]: 416,
      [Symbol(kHandle)]: [TCP],
      [Symbol(kSetNoDelay)]: false,
      [Symbol(lastWriteQueueSize)]: 0,
      [Symbol(timeout)]: null,
      [Symbol(kBuffer)]: null,
      [Symbol(kBufferCb)]: null,
      [Symbol(kBufferGen)]: null,
      [Symbol(kCapture)]: false,
      [Symbol(kBytesRead)]: 0,
      [Symbol(kBytesWritten)]: 0
    },
    connection: Socket {
      connecting: false,
      _hadError: false,
      _parent: null,
      _host: null,
      _readableState: [ReadableState],
      readable: true,
      _events: [Object: null prototype],
      _eventsCount: 7,
      _maxListeners: undefined,
      _writableState: [WritableState],
      writable: false,
      allowHalfOpen: false,
      _sockname: null,
      _pendingData: null,
      _pendingEncoding: '',
      server: null,
      _server: null,
      parser: null,
      _httpMessage: [Circular],
      [Symbol(asyncId)]: 416,
      [Symbol(kHandle)]: [TCP],
      [Symbol(kSetNoDelay)]: false,
      [Symbol(lastWriteQueueSize)]: 0,
      [Symbol(timeout)]: null,
      [Symbol(kBuffer)]: null,
      [Symbol(kBufferCb)]: null,
      [Symbol(kBufferGen)]: null,
      [Symbol(kCapture)]: false,
      [Symbol(kBytesRead)]: 0,
      [Symbol(kBytesWritten)]: 0
    },
    _header: 'GET /api/post?url=aoj_1659 HTTP/1.1\r\n' +
      'Accept: application/json, text/plain, */*\r\n' +
      'User-Agent: axios/0.21.0\r\n' +
      'Host: 127.0.0.1:50000\r\n' +
      'Connection: close\r\n' +
      '\r\n',
    _onPendingData: [Function: noopPendingOutput],
    agent: Agent {
      _events: [Object: null prototype],
      _eventsCount: 2,
      _maxListeners: undefined,
      defaultPort: 80,
      protocol: 'http:',
      options: [Object],
      requests: {},
      sockets: [Object],
      freeSockets: {},
      keepAliveMsecs: 1000,
      keepAlive: false,
      maxSockets: Infinity,
      maxFreeSockets: 256,
      [Symbol(kCapture)]: false
    },
    socketPath: undefined,
    method: 'GET',
    insecureHTTPParser: undefined,
    path: '/api/post?url=aoj_1659',
    _ended: true,
    res: IncomingMessage {
      _readableState: [ReadableState],
      readable: false,
      _events: [Object: null prototype],
      _eventsCount: 3,
      _maxListeners: undefined,
      socket: [Socket],
      connection: [Socket],
      httpVersionMajor: 1,
      httpVersionMinor: 1,
      httpVersion: '1.1',
      complete: true,
      headers: [Object],
      rawHeaders: [Array],
      trailers: {},
      rawTrailers: [],
      aborted: false,
      upgrade: false,
      url: '',
      method: null,
      statusCode: 404,
      statusMessage: 'Not Found',
      client: [Socket],
      _consuming: false,
      _dumped: false,
      req: [Circular],
      responseUrl: 'http://127.0.0.1:50000/api/post?url=aoj_1659',
      redirects: [],
      [Symbol(kCapture)]: false
    },
    aborted: false,
    timeoutCb: null,
    upgradeOrConnect: false,
    parser: null,
    maxHeadersCount: null,
    reusedSocket: false,
    _redirectable: Writable {
      _writableState: [WritableState],
      writable: true,
      _events: [Object: null prototype],
      _eventsCount: 2,
      _maxListeners: undefined,
      _options: [Object],
      _ended: true,
      _ending: true,
      _redirectCount: 0,
      _redirects: [],
      _requestBodyLength: 0,
      _requestBodyBuffers: [],
      _onNativeResponse: [Function],
      _currentRequest: [Circular],
      _currentUrl: 'http://127.0.0.1:50000/api/post?url=aoj_1659',
      [Symbol(kCapture)]: false
    },
    [Symbol(kCapture)]: false,
    [Symbol(kNeedDrain)]: false,
    [Symbol(corked)]: 0,
    [Symbol(kOutHeaders)]: [Object: null prototype] {
      accept: [Array],
      'user-agent': [Array],
      host: [Array]
    }
  },
  response: {
    status: 404,
    statusText: 'Not Found',
    headers: {
      'access-control-allow-headers': '*',
      'access-control-allow-methods': 'POST, GET, OPTIONS, DELETE',
      'access-control-allow-origin': '*',
      date: 'Wed, 03 Feb 2021 17:32:56 GMT',
      'content-length': '37',
      'content-type': 'text/plain; charset=utf-8',
      connection: 'close'
    },
    config: {
      url: 'http://127.0.0.1:50000/api/post',
      method: 'get',
      headers: [Object],
      params: [Object],
      transformRequest: [Array],
      transformResponse: [Array],
      timeout: 0,
      adapter: [Function: httpAdapter],
      xsrfCookieName: 'XSRF-TOKEN',
      xsrfHeaderName: 'X-XSRF-TOKEN',
      maxContentLength: -1,
      maxBodyLength: -1,
      validateStatus: [Function: validateStatus],
      data: undefined
    },
    request: ClientRequest {
      _events: [Object: null prototype],
      _eventsCount: 7,
      _maxListeners: undefined,
      outputData: [],
      outputSize: 0,
      writable: true,
      _last: true,
      chunkedEncoding: false,
      shouldKeepAlive: false,
      useChunkedEncodingByDefault: false,
      sendDate: false,
      _removedConnection: false,
      _removedContLen: false,
      _removedTE: false,
      _contentLength: 0,
      _hasBody: true,
      _trailer: '',
      finished: true,
      _headerSent: true,
      socket: [Socket],
      connection: [Socket],
      _header: 'GET /api/post?url=aoj_1659 HTTP/1.1\r\n' +
        'Accept: application/json, text/plain, */*\r\n' +
        'User-Agent: axios/0.21.0\r\n' +
        'Host: 127.0.0.1:50000\r\n' +
        'Connection: close\r\n' +
        '\r\n',
      _onPendingData: [Function: noopPendingOutput],
      agent: [Agent],
      socketPath: undefined,
      method: 'GET',
      insecureHTTPParser: undefined,
      path: '/api/post?url=aoj_1659',
      _ended: true,
      res: [IncomingMessage],
      aborted: false,
      timeoutCb: null,
      upgradeOrConnect: false,
      parser: null,
      maxHeadersCount: null,
      reusedSocket: false,
      _redirectable: [Writable],
      [Symbol(kCapture)]: false,
      [Symbol(kNeedDrain)]: false,
      [Symbol(corked)]: 0,
      [Symbol(kOutHeaders)]: [Object: null prototype]
    },
    data: 'Page not found /api/post?url=aoj_1659'
  },
  isAxiosError: true,
  toJSON: [Function: toJSON]
}
STY=27238.OhYee-blotter_page SSH_CONNECTION=223.91.32.229 22512 10.206.0.14 22 OHYEE_ACTION_REPO_GIT= LANG=en_US.utf8 HISTTIMEFORMAT=%F %T OLDPWD=/home/ubuntu/action/repos/OhYee OHYEE_ACTION_REPO_OWNER= OHYEE_ACTION_BRANCH= XDG_SESSION_ID=6627 USER=ubuntu OHYEE_ACTION_REPO_NAME= PWD=/home/ubuntu/blog/blotter_page HOME=/home/ubuntu WINDOW=0 SSH_CLIENT=223.91.32.229 22512 22 OHYEE_ACTION_ARG4= OHYEE_ACTION_ARG5= XDG_DATA_DIRS=/usr/local/share:/usr/share:/var/lib/snapd/desktop OHYEE_ACTION_ARG1= OHYEE_ACTION_ARG2= OHYEE_ACTION_REPO_PAGE= OHYEE_ACTION_ARG3= OHYEE_ACTION_PUSHER= OHYEE_ACTION_TYPE=hook SSH_TTY=/dev/pts/0 MAIL=/var/mail/ubuntu SHELL=/bin/bash TERM=screen OHYEE_ACTION_COMMIT= OHYEE_ACTION_TRIGGER= SHLVL=3 PROMPT_COMMAND=history -a; history -a; history -a; history -a; history -a; history -a; LOGNAME=ubuntu XDG_RUNTIME_DIR=/run/user/500 PATH=/usr/local/sbin:/usr/local/bin:/usr/sbin:/usr/bin:/sbin:/bin:/usr/games:/usr/local/games:/snap/bin:/usr/local/go/bin:/usr/local/go/bin OHYEE_ACTION_TOKEN= HISTSIZE=3000 TERMCAP=SC|screen|VT 100/ANSI X3.64 virtual terminal:\ :DO=\E[%dB:LE=\E[%dD:RI=\E[%dC:UP=\E[%dA:bs:bt=\E[Z:\ :cd=\E[J:ce=\E[K:cl=\E[H\E[J:cm=\E[%i%d;%dH:ct=\E[3g:\ :do=^J:nd=\E[C:pt:rc=\E8:rs=\Ec:sc=\E7:st=\EH:up=\EM:\ :le=^H:bl=^G:cr=^M:it#8:ho=\E[H:nw=\EE:ta=^I:is=\E)0:\ :li#24:co#80:am:xn:xv:LP:sr=\EM:al=\E[L:AL=\E[%dL:\ :cs=\E[%i%d;%dr:dl=\E[M:DL=\E[%dM:dc=\E[P:DC=\E[%dP:\ :im=\E[4h:ei=\E[4l:mi:IC=\E[%d@:ks=\E[?1h\E=:\ :ke=\E[?1l\E>:vi=\E[?25l:ve=\E[34h\E[?25h:vs=\E[34l:\ :ti=\E[?1049h:te=\E[?1049l:Km=\E[M:k0=\E[10~:k1=\EOP:\ :k2=\EOQ:k3=\EOR:k4=\EOS:k5=\E[15~:k6=\E[17~:k7=\E[18~:\ :k8=\E[19~:k9=\E[20~:k;=\E[21~:F1=\E[23~:F2=\E[24~:\ :kh=\E[1~:@1=\E[1~:kH=\E[4~:@7=\E[4~:kN=\E[6~:kP=\E[5~:\ :kI=\E[2~:kD=\E[3~:ku=\EOA:kd=\EOB:kr=\EOC:kl=\EOD: OHYEE_ACTION_REPO=OhYee/blotter_page _=/usr/bin/env
Commit @ from 2021-02-03 17:40:25
Need update?
Update files
run action script
yarn install v1.22.4
[1/4] Resolving packages...
success Already up-to-date.
Done in 0.46s.
No screen session found.
There are screens on:
	27238.OhYee-blotter_page	(02/04/2021 01:40:25 AM)	(Detached)
	27833.back	(02/03/2021 02:53:34 AM)	(Detached)
	11481.ohyee-action	(02/03/2021 01:49:30 AM)	(Detached)
3 Sockets in /run/screen/S-ubuntu.
rebuild at 2021-02-03 17:40:29
Finished at 2021-02-03 17:40:29
STY=28967.OhYee-blotter_page SSH_CONNECTION=223.91.32.229 22512 10.206.0.14 22 OHYEE_ACTION_REPO_GIT= LANG=en_US.utf8 HISTTIMEFORMAT=%F %T OLDPWD=/home/ubuntu/action/repos/OhYee OHYEE_ACTION_REPO_OWNER= OHYEE_ACTION_BRANCH= XDG_SESSION_ID=6627 USER=ubuntu OHYEE_ACTION_REPO_NAME= PWD=/home/ubuntu/blog/blotter_page HOME=/home/ubuntu WINDOW=0 SSH_CLIENT=223.91.32.229 22512 22 OHYEE_ACTION_ARG4= OHYEE_ACTION_ARG5= XDG_DATA_DIRS=/usr/local/share:/usr/share:/var/lib/snapd/desktop OHYEE_ACTION_ARG1= OHYEE_ACTION_ARG2= OHYEE_ACTION_REPO_PAGE= OHYEE_ACTION_ARG3= OHYEE_ACTION_PUSHER= OHYEE_ACTION_TYPE=hook SSH_TTY=/dev/pts/0 MAIL=/var/mail/ubuntu SHELL=/bin/bash TERM=screen OHYEE_ACTION_COMMIT= OHYEE_ACTION_TRIGGER= SHLVL=3 PROMPT_COMMAND=history -a; history -a; history -a; history -a; history -a; history -a; LOGNAME=ubuntu XDG_RUNTIME_DIR=/run/user/500 PATH=/usr/local/sbin:/usr/local/bin:/usr/sbin:/usr/bin:/sbin:/bin:/usr/games:/usr/local/games:/snap/bin:/usr/local/go/bin:/usr/local/go/bin OHYEE_ACTION_TOKEN= HISTSIZE=3000 TERMCAP=SC|screen|VT 100/ANSI X3.64 virtual terminal:\ :DO=\E[%dB:LE=\E[%dD:RI=\E[%dC:UP=\E[%dA:bs:bt=\E[Z:\ :cd=\E[J:ce=\E[K:cl=\E[H\E[J:cm=\E[%i%d;%dH:ct=\E[3g:\ :do=^J:nd=\E[C:pt:rc=\E8:rs=\Ec:sc=\E7:st=\EH:up=\EM:\ :le=^H:bl=^G:cr=^M:it#8:ho=\E[H:nw=\EE:ta=^I:is=\E)0:\ :li#24:co#80:am:xn:xv:LP:sr=\EM:al=\E[L:AL=\E[%dL:\ :cs=\E[%i%d;%dr:dl=\E[M:DL=\E[%dM:dc=\E[P:DC=\E[%dP:\ :im=\E[4h:ei=\E[4l:mi:IC=\E[%d@:ks=\E[?1h\E=:\ :ke=\E[?1l\E>:vi=\E[?25l:ve=\E[34h\E[?25h:vs=\E[34l:\ :ti=\E[?1049h:te=\E[?1049l:Km=\E[M:k0=\E[10~:k1=\EOP:\ :k2=\EOQ:k3=\EOR:k4=\EOS:k5=\E[15~:k6=\E[17~:k7=\E[18~:\ :k8=\E[19~:k9=\E[20~:k;=\E[21~:F1=\E[23~:F2=\E[24~:\ :kh=\E[1~:@1=\E[1~:kH=\E[4~:@7=\E[4~:kN=\E[6~:kP=\E[5~:\ :kI=\E[2~:kD=\E[3~:ku=\EOA:kd=\EOB:kr=\EOC:kl=\EOD: OHYEE_ACTION_REPO=OhYee/blotter_page _=/usr/bin/env
Commit @ from 2021-02-03 17:45:57
Need update?
Update files
run action script
yarn install v1.22.4
[1/4] Resolving packages...
success Already up-to-date.
Done in 0.51s.
There are screens on:
	28967.OhYee-blotter_page	(02/04/2021 01:45:56 AM)	(Detached)
	27833.back	(02/03/2021 02:53:34 AM)	(Detached)
	11481.ohyee-action	(02/03/2021 01:49:30 AM)	(Detached)
3 Sockets in /run/screen/S-ubuntu.
rebuild at 2021-02-03 17:46:01
Finished at 2021-02-03 17:46:01
STY=17076.OhYee-blotter_page SSH_CONNECTION=223.91.32.229 22512 10.206.0.14 22 OHYEE_ACTION_REPO_GIT= LANG=en_US.utf8 HISTTIMEFORMAT=%F %T OLDPWD=/home/ubuntu/action/repos/OhYee OHYEE_ACTION_REPO_OWNER= OHYEE_ACTION_BRANCH= XDG_SESSION_ID=6627 USER=ubuntu OHYEE_ACTION_REPO_NAME= PWD=/home/ubuntu/blog/blotter_page HOME=/home/ubuntu WINDOW=0 SSH_CLIENT=223.91.32.229 22512 22 OHYEE_ACTION_ARG4= OHYEE_ACTION_ARG5= XDG_DATA_DIRS=/usr/local/share:/usr/share:/var/lib/snapd/desktop OHYEE_ACTION_ARG1= OHYEE_ACTION_ARG2= OHYEE_ACTION_REPO_PAGE= OHYEE_ACTION_ARG3= OHYEE_ACTION_PUSHER= OHYEE_ACTION_TYPE=hook SSH_TTY=/dev/pts/0 MAIL=/var/mail/ubuntu SHELL=/bin/bash TERM=screen OHYEE_ACTION_COMMIT= OHYEE_ACTION_TRIGGER= SHLVL=3 PROMPT_COMMAND=history -a; history -a; history -a; history -a; history -a; history -a; LOGNAME=ubuntu XDG_RUNTIME_DIR=/run/user/500 PATH=/usr/local/sbin:/usr/local/bin:/usr/sbin:/usr/bin:/sbin:/bin:/usr/games:/usr/local/games:/snap/bin:/usr/local/go/bin:/usr/local/go/bin OHYEE_ACTION_TOKEN= HISTSIZE=3000 TERMCAP=SC|screen|VT 100/ANSI X3.64 virtual terminal:\ :DO=\E[%dB:LE=\E[%dD:RI=\E[%dC:UP=\E[%dA:bs:bt=\E[Z:\ :cd=\E[J:ce=\E[K:cl=\E[H\E[J:cm=\E[%i%d;%dH:ct=\E[3g:\ :do=^J:nd=\E[C:pt:rc=\E8:rs=\Ec:sc=\E7:st=\EH:up=\EM:\ :le=^H:bl=^G:cr=^M:it#8:ho=\E[H:nw=\EE:ta=^I:is=\E)0:\ :li#24:co#80:am:xn:xv:LP:sr=\EM:al=\E[L:AL=\E[%dL:\ :cs=\E[%i%d;%dr:dl=\E[M:DL=\E[%dM:dc=\E[P:DC=\E[%dP:\ :im=\E[4h:ei=\E[4l:mi:IC=\E[%d@:ks=\E[?1h\E=:\ :ke=\E[?1l\E>:vi=\E[?25l:ve=\E[34h\E[?25h:vs=\E[34l:\ :ti=\E[?1049h:te=\E[?1049l:Km=\E[M:k0=\E[10~:k1=\EOP:\ :k2=\EOQ:k3=\EOR:k4=\EOS:k5=\E[15~:k6=\E[17~:k7=\E[18~:\ :k8=\E[19~:k9=\E[20~:k;=\E[21~:F1=\E[23~:F2=\E[24~:\ :kh=\E[1~:@1=\E[1~:kH=\E[4~:@7=\E[4~:kN=\E[6~:kP=\E[5~:\ :kI=\E[2~:kD=\E[3~:ku=\EOA:kd=\EOB:kr=\EOC:kl=\EOD: OHYEE_ACTION_REPO=OhYee/blotter_page _=/usr/bin/env
Commit @ from 2021-02-07 07:01:00
Need update?
Update files
run action script
yarn install v1.22.4
[1/4] Resolving packages...
success Already up-to-date.
Done in 0.52s.
There are screens on:
	17076.OhYee-blotter_page	(02/07/2021 03:01:00 PM)	(Detached)
	27833.back	(02/03/2021 02:53:34 AM)	(Detached)
	11481.ohyee-action	(02/03/2021 01:49:30 AM)	(Detached)
3 Sockets in /run/screen/S-ubuntu.
rebuild at 2021-02-07 07:01:03
Finished at 2021-02-07 07:01:03
